({, Token.SEPARATOR)
(int, Token.RESERVED)
(:, Token.SEPARATOR)
(a, Token.IDENTIFIER)
(;, Token.SEPARATOR)
(int, Token.RESERVED)
(:, Token.SEPARATOR)
(b, Token.IDENTIFIER)
(;, Token.SEPARATOR)
(int, Token.RESERVED)
(:, Token.SEPARATOR)
(c, Token.IDENTIFIER)
(;, Token.SEPARATOR)
(int, Token.RESERVED)
(:, Token.SEPARATOR)
(maxim, Token.IDENTIFIER)
(;, Token.SEPARATOR)
(a, Token.IDENTIFIER)
(=, Token.OPERATOR)
(1, Token.LITERAL)
(;, Token.SEPARATOR)
(b, Token.IDENTIFIER)
(=, Token.OPERATOR)
(20, Token.LITERAL)
(;, Token.SEPARATOR)
(c, Token.IDENTIFIER)
(=, Token.OPERATOR)
(0, Token.LITERAL)
(;, Token.SEPARATOR)
(if, Token.RESERVED)
(:, Token.SEPARATOR)
(a, Token.IDENTIFIER)
(>, Token.OPERATOR)
(b, Token.IDENTIFIER)
({, Token.SEPARATOR)
(maxim, Token.IDENTIFIER)
(=, Token.OPERATOR)
(a, Token.IDENTIFIER)
(;, Token.SEPARATOR)
(}, Token.SEPARATOR)
(else, Token.RESERVED)
({, Token.SEPARATOR)
(maxim, Token.IDENTIFIER)
(=, Token.OPERATOR)
(b, Token.IDENTIFIER)
(;, Token.SEPARATOR)
(}, Token.SEPARATOR)
(;, Token.SEPARATOR)
(if, Token.RESERVED)
(:, Token.SEPARATOR)
(c, Token.IDENTIFIER)
(>, Token.OPERATOR)
(b, Token.IDENTIFIER)
({, Token.SEPARATOR)
(maxim, Token.IDENTIFIER)
(=, Token.OPERATOR)
(c, Token.IDENTIFIER)
(;, Token.SEPARATOR)
(}, Token.SEPARATOR)
(;, Token.SEPARATOR)
(}, Token.SEPARATOR)
($, Token.SEPARATOR)